Build started 15.02.2013 15:03:08.
     1>Project "E:\itom_plugins\plugins\MacroSim\freeglut-2.8.0\VisualStudio\2010\freeglut.vcxproj" on node 2 (build target(s)).
     1>InitializeBuildStatus:
         Creating "build\Release\x64_v100\freeglut.unsuccessfulbuild" because "AlwaysCreate" was specified.
       ClCompile:
         C:\Program Files (x86)\Microsoft Visual Studio 10.0\VC\bin\x86_amd64\CL.exe /c /I..\..\include /Zi /nologo /W3 /WX- /O2 /Ob2 /Oi /GL /D NDEBUG /D WIN32 /D _WINDOWS /D _USRDLL /D FREEGLUT_EXPORTS /D _WINDLL /D _MBCS /Gm- /EHsc /MD /GS /Gy /fp:precise /Zc:wchar_t /Zc:forScope /Fo"build\Release\x64_v100\\" /Fd"build\Release\x64_v100\vc100.pdb" /Gd /TC /wd4996 /errorReport:prompt ..\..\src\freeglut_callbacks.c ..\..\src\freeglut_cursor.c ..\..\src\freeglut_display.c ..\..\src\freeglut_ext.c ..\..\src\freeglut_font.c ..\..\src\freeglut_font_data.c ..\..\src\freeglut_gamemode.c ..\..\src\freeglut_geometry.c ..\..\src\freeglut_glutfont_definitions.c ..\..\src\freeglut_init.c ..\..\src\freeglut_input_devices.c ..\..\src\freeglut_joystick.c ..\..\src\freeglut_main.c ..\..\src\freeglut_menu.c ..\..\src\freeglut_misc.c ..\..\src\freeglut_overlay.c ..\..\src\freeglut_spaceball.c ..\..\src\freeglut_state.c ..\..\src\freeglut_stroke_mono_roman.c ..\..\src\freeglut_stroke_roman.c ..\..\src\freeglut_structure.c ..\..\src\freeglut_teapot.c ..\..\src\freeglut_videoresize.c ..\..\src\freeglut_window.c
         freeglut_callbacks.c
         freeglut_cursor.c
         freeglut_display.c
         freeglut_ext.c
         freeglut_font.c
         freeglut_font_data.c
         freeglut_gamemode.c
         freeglut_geometry.c
         freeglut_glutfont_definitions.c
         freeglut_init.c
         freeglut_input_devices.c
         freeglut_joystick.c
         freeglut_main.c
         freeglut_menu.c
         freeglut_misc.c
         freeglut_overlay.c
         freeglut_spaceball.c
         freeglut_state.c
         freeglut_stroke_mono_roman.c
         freeglut_stroke_roman.c
         Compiling...
         freeglut_structure.c
         freeglut_teapot.c
         freeglut_videoresize.c
         freeglut_window.c
         fgSetupPixelFormat(): there is still some work to do here!
       ResourceCompile:
         C:\Program Files (x86)\Microsoft SDKs\Windows\v7.0A\bin\rc.exe /D NDEBUG /l"0x0409" /nologo /fo"build\Release\x64_v100\freeglut.res" ..\..\freeglut.rc 
       Link:
         C:\Program Files (x86)\Microsoft Visual Studio 10.0\VC\bin\x86_amd64\link.exe /ERRORREPORT:PROMPT /OUT:"..\..\lib\x64\freeglut.dll" /INCREMENTAL:NO /NOLOGO kernel32.lib user32.lib gdi32.lib winspool.lib comdlg32.lib advapi32.lib shell32.lib ole32.lib oleaut32.lib uuid.lib odbc32.lib odbccp32.lib /MANIFEST /ManifestFile:"build\Release\x64_v100\freeglut.dll.intermediate.manifest" /MANIFESTUAC:"level='asInvoker' uiAccess='false'" /PDB:"E:\itom_plugins\plugins\MacroSim\freeglut-2.8.0\lib\x64\freeglut.pdb" /LTCG /TLBID:1 /DYNAMICBASE:NO /IMPLIB:"..\..\lib\x64\freeglut.lib" /MACHINE:X64 /DLL build\Release\x64_v100\freeglut.res
         build\Release\x64_v100\freeglut_callbacks.obj
         build\Release\x64_v100\freeglut_cursor.obj
         build\Release\x64_v100\freeglut_display.obj
         build\Release\x64_v100\freeglut_ext.obj
         build\Release\x64_v100\freeglut_font.obj
         build\Release\x64_v100\freeglut_font_data.obj
         build\Release\x64_v100\freeglut_gamemode.obj
         build\Release\x64_v100\freeglut_geometry.obj
         build\Release\x64_v100\freeglut_glutfont_definitions.obj
         build\Release\x64_v100\freeglut_init.obj
         build\Release\x64_v100\freeglut_input_devices.obj
         build\Release\x64_v100\freeglut_joystick.obj
         build\Release\x64_v100\freeglut_main.obj
         build\Release\x64_v100\freeglut_menu.obj
         build\Release\x64_v100\freeglut_misc.obj
         build\Release\x64_v100\freeglut_overlay.obj
         build\Release\x64_v100\freeglut_spaceball.obj
         build\Release\x64_v100\freeglut_state.obj
         build\Release\x64_v100\freeglut_stroke_mono_roman.obj
         build\Release\x64_v100\freeglut_stroke_roman.obj
         build\Release\x64_v100\freeglut_structure.obj
         build\Release\x64_v100\freeglut_teapot.obj
         build\Release\x64_v100\freeglut_videoresize.obj
         build\Release\x64_v100\freeglut_window.obj
            Creating library ..\..\lib\x64\freeglut.lib and object ..\..\lib\x64\freeglut.exp
         Generating code
         Finished generating code
         freeglut.vcxproj -> E:\itom_plugins\plugins\MacroSim\freeglut-2.8.0\VisualStudio\2010\..\..\lib\x64\freeglut.dll
       Manifest:
         C:\Program Files (x86)\Microsoft SDKs\Windows\v7.0A\bin\mt.exe /nologo /verbose /outputresource:"..\..\lib\x64\freeglut.dll;#2" /manifest build\Release\x64_v100\freeglut.dll.intermediate.manifest
       FinalizeBuildStatus:
         Deleting file "build\Release\x64_v100\freeglut.unsuccessfulbuild".
         Touching "build\Release\x64_v100\freeglut.lastbuildstate".
     1>Done Building Project "E:\itom_plugins\plugins\MacroSim\freeglut-2.8.0\VisualStudio\2010\freeglut.vcxproj" (build target(s)).

Build succeeded.

Time Elapsed 00:00:03.81
