Build started 15.02.2013 15:03:23.
     1>Project "E:\itom_plugins\plugins\MacroSim\freeglut-2.8.0\VisualStudio\2010\smooth_opengl3\smooth_opengl3.vcxproj" on node 2 (build target(s)).
     1>PrepareForBuild:
         Creating directory "..\..\..\progs\demos\x86\release_dll\".
       InitializeBuildStatus:
         Creating "Release\Win32_v100\smooth_opengl3.unsuccessfulbuild" because "AlwaysCreate" was specified.
       ClCompile:
         C:\Program Files (x86)\Microsoft Visual Studio 10.0\VC\bin\CL.exe /c /I..\..\..\include /Zi /nologo /W3 /WX- /O2 /Oi /Oy- /GL /D WIN32 /D NDEBUG /D _CONSOLE /D _UNICODE /D UNICODE /Gm- /EHsc /MD /GS /Gy /fp:precise /Zc:wchar_t /Zc:forScope /Fo"Release\Win32_v100\\" /Fd"Release\Win32_v100\vc100.pdb" /Gd /TC /wd4996 /analyze- /errorReport:prompt ..\..\..\progs\demos\smooth_opengl3\smooth_opengl3.c
         smooth_opengl3.c
       Link:
         C:\Program Files (x86)\Microsoft Visual Studio 10.0\VC\bin\link.exe /ERRORREPORT:PROMPT /OUT:"..\..\..\progs\demos\x86\release_dll\smooth_opengl3.exe" /INCREMENTAL:NO /NOLOGO /LIBPATH:..\..\..\lib\x86\ kernel32.lib user32.lib gdi32.lib winspool.lib comdlg32.lib advapi32.lib shell32.lib ole32.lib oleaut32.lib uuid.lib odbc32.lib odbccp32.lib /MANIFEST /ManifestFile:"Release\Win32_v100\smooth_opengl3.exe.intermediate.manifest" /MANIFESTUAC:"level='asInvoker' uiAccess='false'" /PDB:"E:\itom_plugins\plugins\MacroSim\freeglut-2.8.0\progs\demos\x86\release_dll\smooth_opengl3.pdb" /SUBSYSTEM:CONSOLE /OPT:REF /OPT:ICF /LTCG /TLBID:1 /DYNAMICBASE /NXCOMPAT /IMPLIB:"..\..\..\progs\demos\x86\release_dll\smooth_opengl3.lib" /MACHINE:X86 Release\Win32_v100\smooth_opengl3.obj
         Generating code
         Finished generating code
         smooth_opengl3.vcxproj -> E:\itom_plugins\plugins\MacroSim\freeglut-2.8.0\VisualStudio\2010\smooth_opengl3\..\..\..\progs\demos\x86\release_dll\smooth_opengl3.exe
       Manifest:
         C:\Program Files (x86)\Microsoft SDKs\Windows\v7.0A\bin\mt.exe /nologo /verbose /outputresource:"..\..\..\progs\demos\x86\release_dll\smooth_opengl3.exe;#1" /manifest Release\Win32_v100\smooth_opengl3.exe.intermediate.manifest
       FinalizeBuildStatus:
         Deleting file "Release\Win32_v100\smooth_opengl3.unsuccessfulbuild".
         Touching "Release\Win32_v100\smooth_opengl3.lastbuildstate".
     1>Done Building Project "E:\itom_plugins\plugins\MacroSim\freeglut-2.8.0\VisualStudio\2010\smooth_opengl3\smooth_opengl3.vcxproj" (build target(s)).

Build succeeded.

Time Elapsed 00:00:00.61
