Build started 15.02.2013 15:03:12.
     1>Project "E:\itom_plugins\plugins\MacroSim\freeglut-2.8.0\VisualStudio\2010\Fractals_random\Fractals_random.vcxproj" on node 7 (build target(s)).
     1>InitializeBuildStatus:
         Creating "Release\x64_v100\Fractals_random.unsuccessfulbuild" because "AlwaysCreate" was specified.
       ClCompile:
         C:\Program Files (x86)\Microsoft Visual Studio 10.0\VC\bin\x86_amd64\CL.exe /c /I..\..\..\include /Zi /nologo /W3 /WX- /O2 /Oi /GL /D WIN32 /D NDEBUG /D _CONSOLE /D _UNICODE /D UNICODE /Gm- /EHsc /MD /GS /Gy /fp:precise /Zc:wchar_t /Zc:forScope /Fo"Release\x64_v100\\" /Fd"Release\x64_v100\vc100.pdb" /Gd /TC /wd4996 /errorReport:prompt ..\..\..\progs\demos\Fractals_random\fractals_random.c
         fractals_random.c
       Link:
         C:\Program Files (x86)\Microsoft Visual Studio 10.0\VC\bin\x86_amd64\link.exe /ERRORREPORT:PROMPT /OUT:"..\..\..\progs\demos\x64\release_dll\Fractals_random.exe" /INCREMENTAL:NO /NOLOGO /LIBPATH:..\..\..\lib\x64\ kernel32.lib user32.lib gdi32.lib winspool.lib comdlg32.lib advapi32.lib shell32.lib ole32.lib oleaut32.lib uuid.lib odbc32.lib odbccp32.lib /MANIFEST /ManifestFile:"Release\x64_v100\Fractals_random.exe.intermediate.manifest" /MANIFESTUAC:"level='asInvoker' uiAccess='false'" /PDB:"E:\itom_plugins\plugins\MacroSim\freeglut-2.8.0\progs\demos\x64\release_dll\Fractals_random.pdb" /SUBSYSTEM:CONSOLE /OPT:REF /OPT:ICF /LTCG /TLBID:1 /DYNAMICBASE /NXCOMPAT /IMPLIB:"..\..\..\progs\demos\x64\release_dll\Fractals_random.lib" /MACHINE:X64 Release\x64_v100\fractals_random.obj
         Generating code
         Finished generating code
         Fractals_random.vcxproj -> E:\itom_plugins\plugins\MacroSim\freeglut-2.8.0\VisualStudio\2010\Fractals_random\..\..\..\progs\demos\x64\release_dll\Fractals_random.exe
       Manifest:
         C:\Program Files (x86)\Microsoft SDKs\Windows\v7.0A\bin\mt.exe /nologo /verbose /outputresource:"..\..\..\progs\demos\x64\release_dll\Fractals_random.exe;#1" /manifest Release\x64_v100\Fractals_random.exe.intermediate.manifest
       FinalizeBuildStatus:
         Deleting file "Release\x64_v100\Fractals_random.unsuccessfulbuild".
         Touching "Release\x64_v100\Fractals_random.lastbuildstate".
     1>Done Building Project "E:\itom_plugins\plugins\MacroSim\freeglut-2.8.0\VisualStudio\2010\Fractals_random\Fractals_random.vcxproj" (build target(s)).

Build succeeded.

Time Elapsed 00:00:00.44
